2025-01-09 09:27:40 [restartedMain] INFO  c.example.spring4.Spring4Application - Starting Spring4Application using Java 17.0.13 with PID 52600 (/Users/jin-o/kjo/newjava/spring4 /build/classes/java/main started by jin-o in /Users/jin-o/kjo/newjava/spring4 )
2025-01-09 09:27:40 [restartedMain] DEBUG c.example.spring4.Spring4Application - Running with Spring Boot v3.0.2, Spring v6.0.4
2025-01-09 09:27:40 [restartedMain] INFO  c.example.spring4.Spring4Application - No active profile set, falling back to 1 default profile: "default"
2025-01-09 09:27:40 [restartedMain] INFO  o.s.b.d.e.DevToolsPropertyDefaultsPostProcessor - Devtools property defaults active! Set 'spring.devtools.add-properties' to 'false' to disable
2025-01-09 09:27:40 [restartedMain] INFO  o.s.b.d.e.DevToolsPropertyDefaultsPostProcessor - For additional web related logging consider setting the 'logging.level.web' property to 'DEBUG'
2025-01-09 09:27:41 [restartedMain] DEBUG o.m.s.b.a.MybatisAutoConfiguration - Searching for mappers annotated with @Mapper
2025-01-09 09:27:41 [restartedMain] DEBUG o.m.s.b.a.MybatisAutoConfiguration - Using auto-configuration base package 'com.example.spring4'
2025-01-09 09:27:41 [restartedMain] DEBUG o.apache.ibatis.logging.LogFactory - Logging initialized using 'class org.apache.ibatis.logging.slf4j.Slf4jImpl' adapter.
2025-01-09 09:27:41 [restartedMain] DEBUG o.m.s.mapper.ClassPathMapperScanner - Identified candidate component class: file [/Users/jin-o/kjo/newjava/spring4 /build/classes/java/main/com/example/spring4/board/dao/BoardMapper.class]
2025-01-09 09:27:41 [restartedMain] DEBUG o.m.s.mapper.ClassPathMapperScanner - Identified candidate component class: file [/Users/jin-o/kjo/newjava/spring4 /build/classes/java/main/com/example/spring4/cart/dao/CartMapper.class]
2025-01-09 09:27:41 [restartedMain] DEBUG o.m.s.mapper.ClassPathMapperScanner - Identified candidate component class: file [/Users/jin-o/kjo/newjava/spring4 /build/classes/java/main/com/example/spring4/member/dao/MemberMapper.class]
2025-01-09 09:27:41 [restartedMain] DEBUG o.m.s.mapper.ClassPathMapperScanner - Identified candidate component class: file [/Users/jin-o/kjo/newjava/spring4 /build/classes/java/main/com/example/spring4/product/dao/ProductMapper.class]
2025-01-09 09:27:41 [restartedMain] DEBUG o.m.s.mapper.ClassPathMapperScanner - Identified candidate component class: file [/Users/jin-o/kjo/newjava/spring4 /build/classes/java/main/com/example/spring4/reply/dao/ReplyMapper.class]
2025-01-09 09:27:41 [restartedMain] DEBUG o.m.s.mapper.ClassPathMapperScanner - Creating MapperFactoryBean with name 'boardMapper' and 'com.example.spring4.board.dao.BoardMapper' mapperInterface
2025-01-09 09:27:41 [restartedMain] DEBUG o.m.s.mapper.ClassPathMapperScanner - Creating MapperFactoryBean with name 'cartMapper' and 'com.example.spring4.cart.dao.CartMapper' mapperInterface
2025-01-09 09:27:41 [restartedMain] DEBUG o.m.s.mapper.ClassPathMapperScanner - Creating MapperFactoryBean with name 'memberMapper' and 'com.example.spring4.member.dao.MemberMapper' mapperInterface
2025-01-09 09:27:41 [restartedMain] DEBUG o.m.s.mapper.ClassPathMapperScanner - Creating MapperFactoryBean with name 'productMapper' and 'com.example.spring4.product.dao.ProductMapper' mapperInterface
2025-01-09 09:27:41 [restartedMain] DEBUG o.m.s.mapper.ClassPathMapperScanner - Creating MapperFactoryBean with name 'replyMapper' and 'com.example.spring4.reply.dao.ReplyMapper' mapperInterface
2025-01-09 09:27:41 [restartedMain] INFO  o.s.b.w.e.tomcat.TomcatWebServer - Tomcat initialized with port(s): 8888 (http)
2025-01-09 09:27:41 [restartedMain] INFO  o.a.catalina.core.StandardService - Starting service [Tomcat]
2025-01-09 09:27:41 [restartedMain] INFO  o.a.catalina.core.StandardEngine - Starting Servlet engine: [Apache Tomcat/10.1.5]
2025-01-09 09:27:41 [restartedMain] INFO  o.a.c.c.C.[Tomcat].[localhost].[/] - Initializing Spring embedded WebApplicationContext
2025-01-09 09:27:41 [restartedMain] DEBUG o.s.w.f.ServerHttpObservationFilter - Filter 'serverHttpObservationFilter' configured for use
2025-01-09 09:27:41 [restartedMain] DEBUG o.m.spring.SqlSessionFactoryBean - Parsed mapper file: 'file [/Users/jin-o/kjo/newjava/spring4 /build/resources/main/mapper/boardMapper.xml]'
2025-01-09 09:27:41 [restartedMain] DEBUG o.m.spring.SqlSessionFactoryBean - Parsed mapper file: 'file [/Users/jin-o/kjo/newjava/spring4 /build/resources/main/mapper/cartMapper.xml]'
2025-01-09 09:27:41 [restartedMain] DEBUG o.m.spring.SqlSessionFactoryBean - Parsed mapper file: 'file [/Users/jin-o/kjo/newjava/spring4 /build/resources/main/mapper/memberMapper.xml]'
2025-01-09 09:27:41 [restartedMain] DEBUG o.m.spring.SqlSessionFactoryBean - Parsed mapper file: 'file [/Users/jin-o/kjo/newjava/spring4 /build/resources/main/mapper/productMapper.xml]'
2025-01-09 09:27:41 [restartedMain] DEBUG o.m.spring.SqlSessionFactoryBean - Parsed mapper file: 'file [/Users/jin-o/kjo/newjava/spring4 /build/resources/main/mapper/replyMapper.xml]'
2025-01-09 09:27:41 [restartedMain] DEBUG o.s.w.s.m.m.a.RequestMappingHandlerAdapter - ControllerAdvice beans: 0 @ModelAttribute, 0 @InitBinder, 1 RequestBodyAdvice, 1 ResponseBodyAdvice
2025-01-09 09:27:41 [restartedMain] INFO  o.s.b.a.w.s.WelcomePageHandlerMapping - Adding welcome page template: index
2025-01-09 09:27:41 [restartedMain] DEBUG o.s.w.s.m.m.a.RequestMappingHandlerMapping - 26 mappings in 'requestMappingHandlerMapping'
2025-01-09 09:27:41 [restartedMain] DEBUG o.s.w.s.h.SimpleUrlHandlerMapping - Patterns [/webjars/**, /**] in 'resourceHandlerMapping'
2025-01-09 09:27:41 [restartedMain] DEBUG o.s.w.s.m.m.a.ExceptionHandlerExceptionResolver - ControllerAdvice beans: 0 @ExceptionHandler, 1 ResponseBodyAdvice
2025-01-09 09:27:41 [restartedMain] DEBUG o.m.s.b.a.MybatisAutoConfiguration - Not found configuration for registering mapper bean using @MapperScan, MapperFactoryBean and MapperScannerConfigurer.
2025-01-09 09:27:42 [restartedMain] INFO  o.s.b.d.a.OptionalLiveReloadServer - LiveReload server is running on port 35729
2025-01-09 09:27:42 [restartedMain] INFO  o.s.b.a.e.web.EndpointLinksResolver - Exposing 1 endpoint(s) beneath base path '/actuator'
2025-01-09 09:27:42 [restartedMain] INFO  o.s.b.w.e.tomcat.TomcatWebServer - Tomcat started on port(s): 8888 (http) with context path ''
2025-01-09 09:27:42 [restartedMain] INFO  c.example.spring4.Spring4Application - Started Spring4Application in 2.118 seconds (process running for 2.534)
2025-01-09 09:27:42 [RMI TCP Connection(4)-127.0.0.1] INFO  com.zaxxer.hikari.HikariDataSource - MyHikariPool Alive Connection =========== 10 =========== - Starting...
2025-01-09 09:27:42 [RMI TCP Connection(2)-127.0.0.1] INFO  o.a.c.c.C.[Tomcat].[localhost].[/] - Initializing Spring DispatcherServlet 'dispatcherServlet'
2025-01-09 09:27:42 [RMI TCP Connection(2)-127.0.0.1] INFO  o.s.web.servlet.DispatcherServlet - Initializing Servlet 'dispatcherServlet'
2025-01-09 09:27:42 [RMI TCP Connection(2)-127.0.0.1] DEBUG o.s.web.servlet.DispatcherServlet - Detected StandardServletMultipartResolver
2025-01-09 09:27:42 [RMI TCP Connection(2)-127.0.0.1] DEBUG o.s.web.servlet.DispatcherServlet - Detected AcceptHeaderLocaleResolver
2025-01-09 09:27:42 [RMI TCP Connection(2)-127.0.0.1] DEBUG o.s.web.servlet.DispatcherServlet - Detected FixedThemeResolver
2025-01-09 09:27:42 [RMI TCP Connection(2)-127.0.0.1] DEBUG o.s.web.servlet.DispatcherServlet - Detected org.springframework.web.servlet.view.DefaultRequestToViewNameTranslator@7f677a7c
2025-01-09 09:27:42 [RMI TCP Connection(2)-127.0.0.1] DEBUG o.s.web.servlet.DispatcherServlet - Detected org.springframework.web.servlet.support.SessionFlashMapManager@479e9ae1
2025-01-09 09:27:42 [RMI TCP Connection(2)-127.0.0.1] DEBUG o.s.web.servlet.DispatcherServlet - enableLoggingRequestDetails='false': request parameters and headers will be masked to prevent unsafe logging of potentially sensitive data
2025-01-09 09:27:42 [RMI TCP Connection(2)-127.0.0.1] INFO  o.s.web.servlet.DispatcherServlet - Completed initialization in 2 ms
2025-01-09 09:27:43 [http-nio-8888-exec-2] DEBUG o.s.web.servlet.DispatcherServlet - GET "/", parameters={}
2025-01-09 09:27:43 [http-nio-8888-exec-2] DEBUG o.s.w.s.v.ContentNegotiatingViewResolver - Selected 'text/html' given [text/html, application/xhtml+xml, image/avif, image/webp, image/apng, application/xml;q=0.9, */*;q=0.8, application/signed-exchange;v=b3;q=0.7]
2025-01-09 09:27:44 [RMI TCP Connection(4)-127.0.0.1] INFO  com.zaxxer.hikari.pool.HikariPool - MyHikariPool Alive Connection =========== 10 =========== - Added connection com.mysql.cj.jdbc.ConnectionImpl@29ce26b1
2025-01-09 09:27:44 [RMI TCP Connection(4)-127.0.0.1] INFO  com.zaxxer.hikari.HikariDataSource - MyHikariPool Alive Connection =========== 10 =========== - Start completed.
2025-01-09 09:27:44 [http-nio-8888-exec-2] DEBUG o.s.web.servlet.DispatcherServlet - Completed 200 OK
2025-01-09 09:27:44 [http-nio-8888-exec-4] DEBUG o.s.web.servlet.DispatcherServlet - GET "/img/coffee.png", parameters={}
2025-01-09 09:27:44 [http-nio-8888-exec-3] DEBUG o.s.web.servlet.DispatcherServlet - GET "/css/style.css", parameters={}
2025-01-09 09:27:44 [http-nio-8888-exec-6] DEBUG o.s.web.servlet.DispatcherServlet - GET "/img/board.png", parameters={}
2025-01-09 09:27:44 [http-nio-8888-exec-7] DEBUG o.s.web.servlet.DispatcherServlet - GET "/js/scripts.js", parameters={}
2025-01-09 09:27:44 [http-nio-8888-exec-5] DEBUG o.s.web.servlet.DispatcherServlet - GET "/img/member.png", parameters={}
2025-01-09 09:27:44 [http-nio-8888-exec-8] DEBUG o.s.web.servlet.DispatcherServlet - GET "/img/bye.png", parameters={}
2025-01-09 09:27:44 [http-nio-8888-exec-7] DEBUG o.s.w.s.h.SimpleUrlHandlerMapping - Mapped to ResourceHttpRequestHandler [classpath [META-INF/resources/], classpath [resources/], classpath [static/], classpath [public/], ServletContext [/]]
2025-01-09 09:27:44 [http-nio-8888-exec-4] DEBUG o.s.w.s.h.SimpleUrlHandlerMapping - Mapped to ResourceHttpRequestHandler [classpath [META-INF/resources/], classpath [resources/], classpath [static/], classpath [public/], ServletContext [/]]
2025-01-09 09:27:44 [http-nio-8888-exec-8] DEBUG o.s.w.s.h.SimpleUrlHandlerMapping - Mapped to ResourceHttpRequestHandler [classpath [META-INF/resources/], classpath [resources/], classpath [static/], classpath [public/], ServletContext [/]]
2025-01-09 09:27:44 [http-nio-8888-exec-5] DEBUG o.s.w.s.h.SimpleUrlHandlerMapping - Mapped to ResourceHttpRequestHandler [classpath [META-INF/resources/], classpath [resources/], classpath [static/], classpath [public/], ServletContext [/]]
2025-01-09 09:27:44 [http-nio-8888-exec-3] DEBUG o.s.w.s.h.SimpleUrlHandlerMapping - Mapped to ResourceHttpRequestHandler [classpath [META-INF/resources/], classpath [resources/], classpath [static/], classpath [public/], ServletContext [/]]
2025-01-09 09:27:44 [http-nio-8888-exec-6] DEBUG o.s.w.s.h.SimpleUrlHandlerMapping - Mapped to ResourceHttpRequestHandler [classpath [META-INF/resources/], classpath [resources/], classpath [static/], classpath [public/], ServletContext [/]]
2025-01-09 09:27:44 [http-nio-8888-exec-7] DEBUG o.s.web.servlet.DispatcherServlet - Completed 200 OK
2025-01-09 09:27:44 [http-nio-8888-exec-6] DEBUG o.s.web.servlet.DispatcherServlet - Completed 200 OK
2025-01-09 09:27:44 [http-nio-8888-exec-5] DEBUG o.s.web.servlet.DispatcherServlet - Completed 200 OK
2025-01-09 09:27:44 [http-nio-8888-exec-8] DEBUG o.s.web.servlet.DispatcherServlet - Completed 200 OK
2025-01-09 09:27:44 [http-nio-8888-exec-4] DEBUG o.s.web.servlet.DispatcherServlet - Completed 200 OK
2025-01-09 09:27:44 [http-nio-8888-exec-3] DEBUG o.s.web.servlet.DispatcherServlet - Completed 200 OK
2025-01-09 09:27:44 [http-nio-8888-exec-10] DEBUG o.s.web.servlet.DispatcherServlet - GET "/img/product.png", parameters={}
2025-01-09 09:27:44 [http-nio-8888-exec-10] DEBUG o.s.w.s.h.SimpleUrlHandlerMapping - Mapped to ResourceHttpRequestHandler [classpath [META-INF/resources/], classpath [resources/], classpath [static/], classpath [public/], ServletContext [/]]
2025-01-09 09:27:44 [http-nio-8888-exec-10] DEBUG o.s.web.servlet.DispatcherServlet - Completed 200 OK
2025-01-09 09:27:44 [http-nio-8888-exec-9] DEBUG o.s.web.servlet.DispatcherServlet - GET "/img/cart.png", parameters={}
2025-01-09 09:27:44 [http-nio-8888-exec-9] DEBUG o.s.w.s.h.SimpleUrlHandlerMapping - Mapped to ResourceHttpRequestHandler [classpath [META-INF/resources/], classpath [resources/], classpath [static/], classpath [public/], ServletContext [/]]
2025-01-09 09:27:44 [http-nio-8888-exec-9] DEBUG o.s.web.servlet.DispatcherServlet - Completed 200 OK
2025-01-09 09:27:56 [http-nio-8888-exec-4] DEBUG o.s.web.servlet.DispatcherServlet - GET "/cart/cart", parameters={}
2025-01-09 09:27:56 [http-nio-8888-exec-4] DEBUG o.s.w.s.m.m.a.RequestMappingHandlerMapping - Mapped to com.example.spring4.cart.controller.CartController#cart(HttpSession, Model)
2025-01-09 09:27:56 [http-nio-8888-exec-4] DEBUG o.s.web.servlet.DispatcherServlet - Failed to complete request: java.lang.NullPointerException: Cannot invoke "Object.toString()" because the return value of "jakarta.servlet.http.HttpSession.getAttribute(String)" is null
2025-01-09 09:27:56 [http-nio-8888-exec-4] ERROR o.a.c.c.C.[.[.[.[dispatcherServlet] - Servlet.service() for servlet [dispatcherServlet] in context with path [] threw exception [Request processing failed: java.lang.NullPointerException: Cannot invoke "Object.toString()" because the return value of "jakarta.servlet.http.HttpSession.getAttribute(String)" is null] with root cause
java.lang.NullPointerException: Cannot invoke "Object.toString()" because the return value of "jakarta.servlet.http.HttpSession.getAttribute(String)" is null
	at com.example.spring4.cart.controller.CartController.cart(CartController.java:26)
	at java.base/jdk.internal.reflect.NativeMethodAccessorImpl.invoke0(Native Method)
	at java.base/jdk.internal.reflect.NativeMethodAccessorImpl.invoke(NativeMethodAccessorImpl.java:77)
	at java.base/jdk.internal.reflect.DelegatingMethodAccessorImpl.invoke(DelegatingMethodAccessorImpl.java:43)
	at java.base/java.lang.reflect.Method.invoke(Method.java:569)
	at org.springframework.web.method.support.InvocableHandlerMethod.doInvoke(InvocableHandlerMethod.java:207)
	at org.springframework.web.method.support.InvocableHandlerMethod.invokeForRequest(InvocableHandlerMethod.java:152)
	at org.springframework.web.servlet.mvc.method.annotation.ServletInvocableHandlerMethod.invokeAndHandle(ServletInvocableHandlerMethod.java:117)
	at org.springframework.web.servlet.mvc.method.annotation.RequestMappingHandlerAdapter.invokeHandlerMethod(RequestMappingHandlerAdapter.java:884)
	at org.springframework.web.servlet.mvc.method.annotation.RequestMappingHandlerAdapter.handleInternal(RequestMappingHandlerAdapter.java:797)
	at org.springframework.web.servlet.mvc.method.AbstractHandlerMethodAdapter.handle(AbstractHandlerMethodAdapter.java:87)
	at org.springframework.web.servlet.DispatcherServlet.doDispatch(DispatcherServlet.java:1080)
	at org.springframework.web.servlet.DispatcherServlet.doService(DispatcherServlet.java:973)
	at org.springframework.web.servlet.FrameworkServlet.processRequest(FrameworkServlet.java:1011)
	at org.springframework.web.servlet.FrameworkServlet.doGet(FrameworkServlet.java:903)
	at jakarta.servlet.http.HttpServlet.service(HttpServlet.java:705)
	at org.springframework.web.servlet.FrameworkServlet.service(FrameworkServlet.java:885)
	at jakarta.servlet.http.HttpServlet.service(HttpServlet.java:814)
	at org.apache.catalina.core.ApplicationFilterChain.internalDoFilter(ApplicationFilterChain.java:223)
	at org.apache.catalina.core.ApplicationFilterChain.doFilter(ApplicationFilterChain.java:158)
	at org.apache.tomcat.websocket.server.WsFilter.doFilter(WsFilter.java:53)
	at org.apache.catalina.core.ApplicationFilterChain.internalDoFilter(ApplicationFilterChain.java:185)
	at org.apache.catalina.core.ApplicationFilterChain.doFilter(ApplicationFilterChain.java:158)
	at org.springframework.web.filter.RequestContextFilter.doFilterInternal(RequestContextFilter.java:100)
	at org.springframework.web.filter.OncePerRequestFilter.doFilter(OncePerRequestFilter.java:116)
	at org.apache.catalina.core.ApplicationFilterChain.internalDoFilter(ApplicationFilterChain.java:185)
	at org.apache.catalina.core.ApplicationFilterChain.doFilter(ApplicationFilterChain.java:158)
	at org.springframework.web.filter.FormContentFilter.doFilterInternal(FormContentFilter.java:93)
	at org.springframework.web.filter.OncePerRequestFilter.doFilter(OncePerRequestFilter.java:116)
	at org.apache.catalina.core.ApplicationFilterChain.internalDoFilter(ApplicationFilterChain.java:185)
	at org.apache.catalina.core.ApplicationFilterChain.doFilter(ApplicationFilterChain.java:158)
	at org.springframework.web.filter.ServerHttpObservationFilter.doFilterInternal(ServerHttpObservationFilter.java:109)
	at org.springframework.web.filter.OncePerRequestFilter.doFilter(OncePerRequestFilter.java:116)
	at org.apache.catalina.core.ApplicationFilterChain.internalDoFilter(ApplicationFilterChain.java:185)
	at org.apache.catalina.core.ApplicationFilterChain.doFilter(ApplicationFilterChain.java:158)
	at org.springframework.web.filter.CharacterEncodingFilter.doFilterInternal(CharacterEncodingFilter.java:201)
	at org.springframework.web.filter.OncePerRequestFilter.doFilter(OncePerRequestFilter.java:116)
	at org.apache.catalina.core.ApplicationFilterChain.internalDoFilter(ApplicationFilterChain.java:185)
	at org.apache.catalina.core.ApplicationFilterChain.doFilter(ApplicationFilterChain.java:158)
	at org.apache.catalina.core.StandardWrapperValve.invoke(StandardWrapperValve.java:177)
	at org.apache.catalina.core.StandardContextValve.invoke(StandardContextValve.java:97)
	at org.apache.catalina.authenticator.AuthenticatorBase.invoke(AuthenticatorBase.java:542)
	at org.apache.catalina.core.StandardHostValve.invoke(StandardHostValve.java:119)
	at org.apache.catalina.valves.ErrorReportValve.invoke(ErrorReportValve.java:92)
	at org.apache.catalina.core.StandardEngineValve.invoke(StandardEngineValve.java:78)
	at org.apache.catalina.connector.CoyoteAdapter.service(CoyoteAdapter.java:357)
	at org.apache.coyote.http11.Http11Processor.service(Http11Processor.java:400)
	at org.apache.coyote.AbstractProcessorLight.process(AbstractProcessorLight.java:65)
	at org.apache.coyote.AbstractProtocol$ConnectionHandler.process(AbstractProtocol.java:859)
	at org.apache.tomcat.util.net.NioEndpoint$SocketProcessor.doRun(NioEndpoint.java:1734)
	at org.apache.tomcat.util.net.SocketProcessorBase.run(SocketProcessorBase.java:52)
	at org.apache.tomcat.util.threads.ThreadPoolExecutor.runWorker(ThreadPoolExecutor.java:1191)
	at org.apache.tomcat.util.threads.ThreadPoolExecutor$Worker.run(ThreadPoolExecutor.java:659)
	at org.apache.tomcat.util.threads.TaskThread$WrappingRunnable.run(TaskThread.java:61)
	at java.base/java.lang.Thread.run(Thread.java:840)
2025-01-09 09:27:56 [http-nio-8888-exec-4] DEBUG o.s.web.servlet.DispatcherServlet - "ERROR" dispatch for GET "/error", parameters={}
2025-01-09 09:27:56 [http-nio-8888-exec-4] DEBUG o.s.w.s.m.m.a.RequestMappingHandlerMapping - Mapped to org.springframework.boot.autoconfigure.web.servlet.error.BasicErrorController#errorHtml(HttpServletRequest, HttpServletResponse)
2025-01-09 09:27:56 [http-nio-8888-exec-4] DEBUG o.s.w.s.v.ContentNegotiatingViewResolver - Selected 'text/html' given [text/html, text/html;q=0.8]
2025-01-09 09:27:56 [http-nio-8888-exec-4] DEBUG o.s.web.servlet.DispatcherServlet - Exiting from "ERROR" dispatch, status 500
2025-01-09 09:27:58 [http-nio-8888-exec-3] DEBUG o.s.web.servlet.DispatcherServlet - GET "/product/product", parameters={}
2025-01-09 09:27:58 [http-nio-8888-exec-3] DEBUG o.s.w.s.m.m.a.RequestMappingHandlerMapping - Mapped to com.example.spring4.product.controller.ProductController#product(Model)
2025-01-09 09:27:58 [http-nio-8888-exec-3] DEBUG org.mybatis.spring.SqlSessionUtils - Creating a new SqlSession
2025-01-09 09:27:58 [http-nio-8888-exec-3] DEBUG org.mybatis.spring.SqlSessionUtils - SqlSession [org.apache.ibatis.session.defaults.DefaultSqlSession@3967cf5f] was not registered for synchronization because synchronization is not active
2025-01-09 09:27:58 [http-nio-8888-exec-3] DEBUG o.m.s.t.SpringManagedTransaction - JDBC Connection [HikariProxyConnection@1342812920 wrapping com.mysql.cj.jdbc.ConnectionImpl@29ce26b1] will not be managed by Spring
2025-01-09 09:27:58 [http-nio-8888-exec-3] DEBUG c.e.s.p.dao.ProductMapper.findAll - ==>  Preparing: SELECT productId, name, content, company, img, price FROM product
2025-01-09 09:27:58 [http-nio-8888-exec-3] DEBUG c.e.s.p.dao.ProductMapper.findAll - ==> Parameters: 
2025-01-09 09:27:58 [http-nio-8888-exec-3] DEBUG c.e.s.p.dao.ProductMapper.findAll - <==      Total: 10
2025-01-09 09:27:58 [http-nio-8888-exec-3] DEBUG org.mybatis.spring.SqlSessionUtils - Closing non transactional SqlSession [org.apache.ibatis.session.defaults.DefaultSqlSession@3967cf5f]
2025-01-09 09:27:58 [http-nio-8888-exec-3] DEBUG o.s.w.s.v.ContentNegotiatingViewResolver - Selected 'text/html' given [text/html, application/xhtml+xml, image/avif, image/webp, image/apng, application/xml;q=0.9, */*;q=0.8, application/signed-exchange;v=b3;q=0.7]
2025-01-09 09:27:58 [http-nio-8888-exec-3] DEBUG o.s.web.servlet.DispatcherServlet - Completed 200 OK
2025-01-09 09:27:58 [http-nio-8888-exec-10] DEBUG o.s.web.servlet.DispatcherServlet - GET "/css/style.css", parameters={}
2025-01-09 09:27:58 [http-nio-8888-exec-10] DEBUG o.s.w.s.h.SimpleUrlHandlerMapping - Mapped to ResourceHttpRequestHandler [classpath [META-INF/resources/], classpath [resources/], classpath [static/], classpath [public/], ServletContext [/]]
2025-01-09 09:27:58 [http-nio-8888-exec-10] DEBUG o.s.web.servlet.DispatcherServlet - Completed 200 OK
2025-01-09 09:27:58 [http-nio-8888-exec-9] DEBUG o.s.web.servlet.DispatcherServlet - GET "/img/coffee.png", parameters={}
2025-01-09 09:27:58 [http-nio-8888-exec-1] DEBUG o.s.web.servlet.DispatcherServlet - GET "/img/latte.png", parameters={}
2025-01-09 09:27:58 [http-nio-8888-exec-9] DEBUG o.s.w.s.h.SimpleUrlHandlerMapping - Mapped to ResourceHttpRequestHandler [classpath [META-INF/resources/], classpath [resources/], classpath [static/], classpath [public/], ServletContext [/]]
2025-01-09 09:27:58 [http-nio-8888-exec-1] DEBUG o.s.w.s.h.SimpleUrlHandlerMapping - Mapped to ResourceHttpRequestHandler [classpath [META-INF/resources/], classpath [resources/], classpath [static/], classpath [public/], ServletContext [/]]
2025-01-09 09:27:58 [http-nio-8888-exec-2] DEBUG o.s.web.servlet.DispatcherServlet - GET "/js/scripts.js", parameters={}
2025-01-09 09:27:58 [http-nio-8888-exec-6] DEBUG o.s.web.servlet.DispatcherServlet - GET "/img/icelatte.png", parameters={}
2025-01-09 09:27:58 [http-nio-8888-exec-7] DEBUG o.s.web.servlet.DispatcherServlet - GET "/img/americano.png", parameters={}
2025-01-09 09:27:58 [http-nio-8888-exec-6] DEBUG o.s.w.s.h.SimpleUrlHandlerMapping - Mapped to ResourceHttpRequestHandler [classpath [META-INF/resources/], classpath [resources/], classpath [static/], classpath [public/], ServletContext [/]]
2025-01-09 09:27:58 [http-nio-8888-exec-2] DEBUG o.s.w.s.h.SimpleUrlHandlerMapping - Mapped to ResourceHttpRequestHandler [classpath [META-INF/resources/], classpath [resources/], classpath [static/], classpath [public/], ServletContext [/]]
2025-01-09 09:27:58 [http-nio-8888-exec-5] DEBUG o.s.web.servlet.DispatcherServlet - GET "/img/espresso.png", parameters={}
2025-01-09 09:27:58 [http-nio-8888-exec-7] DEBUG o.s.w.s.h.SimpleUrlHandlerMapping - Mapped to ResourceHttpRequestHandler [classpath [META-INF/resources/], classpath [resources/], classpath [static/], classpath [public/], ServletContext [/]]
2025-01-09 09:27:58 [http-nio-8888-exec-5] DEBUG o.s.w.s.h.SimpleUrlHandlerMapping - Mapped to ResourceHttpRequestHandler [classpath [META-INF/resources/], classpath [resources/], classpath [static/], classpath [public/], ServletContext [/]]
2025-01-09 09:27:58 [http-nio-8888-exec-9] DEBUG o.s.web.servlet.DispatcherServlet - Completed 200 OK
2025-01-09 09:27:58 [http-nio-8888-exec-2] DEBUG o.s.web.servlet.DispatcherServlet - Completed 200 OK
2025-01-09 09:27:58 [http-nio-8888-exec-6] DEBUG o.s.web.servlet.DispatcherServlet - Completed 200 OK
2025-01-09 09:27:58 [http-nio-8888-exec-5] DEBUG o.s.web.servlet.DispatcherServlet - Completed 200 OK
2025-01-09 09:27:58 [http-nio-8888-exec-4] DEBUG o.s.web.servlet.DispatcherServlet - GET "/img/member.png", parameters={}
2025-01-09 09:27:58 [http-nio-8888-exec-5] DEBUG o.s.web.servlet.DispatcherServlet - GET "/img/product.png", parameters={}
2025-01-09 09:27:58 [http-nio-8888-exec-6] DEBUG o.s.web.servlet.DispatcherServlet - GET "/img/board.png", parameters={}
2025-01-09 09:27:58 [http-nio-8888-exec-8] DEBUG o.s.web.servlet.DispatcherServlet - GET "/img/bye.png", parameters={}
2025-01-09 09:27:58 [http-nio-8888-exec-7] DEBUG o.s.web.servlet.DispatcherServlet - Completed 200 OK
2025-01-09 09:27:58 [http-nio-8888-exec-1] DEBUG o.s.web.servlet.DispatcherServlet - Completed 200 OK
2025-01-09 09:27:58 [http-nio-8888-exec-4] DEBUG o.s.w.s.h.SimpleUrlHandlerMapping - Mapped to ResourceHttpRequestHandler [classpath [META-INF/resources/], classpath [resources/], classpath [static/], classpath [public/], ServletContext [/]]
2025-01-09 09:27:58 [http-nio-8888-exec-1] DEBUG o.s.web.servlet.DispatcherServlet - GET "/img/jamong.png", parameters={}
2025-01-09 09:27:58 [http-nio-8888-exec-8] DEBUG o.s.w.s.h.SimpleUrlHandlerMapping - Mapped to ResourceHttpRequestHandler [classpath [META-INF/resources/], classpath [resources/], classpath [static/], classpath [public/], ServletContext [/]]
2025-01-09 09:27:58 [http-nio-8888-exec-5] DEBUG o.s.w.s.h.SimpleUrlHandlerMapping - Mapped to ResourceHttpRequestHandler [classpath [META-INF/resources/], classpath [resources/], classpath [static/], classpath [public/], ServletContext [/]]
2025-01-09 09:27:58 [http-nio-8888-exec-1] DEBUG o.s.w.s.h.SimpleUrlHandlerMapping - Mapped to ResourceHttpRequestHandler [classpath [META-INF/resources/], classpath [resources/], classpath [static/], classpath [public/], ServletContext [/]]
2025-01-09 09:27:58 [http-nio-8888-exec-7] DEBUG o.s.web.servlet.DispatcherServlet - GET "/img/cart.png", parameters={}
2025-01-09 09:27:58 [http-nio-8888-exec-7] DEBUG o.s.w.s.h.SimpleUrlHandlerMapping - Mapped to ResourceHttpRequestHandler [classpath [META-INF/resources/], classpath [resources/], classpath [static/], classpath [public/], ServletContext [/]]
2025-01-09 09:27:58 [http-nio-8888-exec-6] DEBUG o.s.w.s.h.SimpleUrlHandlerMapping - Mapped to ResourceHttpRequestHandler [classpath [META-INF/resources/], classpath [resources/], classpath [static/], classpath [public/], ServletContext [/]]
2025-01-09 09:27:58 [http-nio-8888-exec-8] DEBUG o.s.web.servlet.DispatcherServlet - Completed 200 OK
2025-01-09 09:27:58 [http-nio-8888-exec-5] DEBUG o.s.web.servlet.DispatcherServlet - Completed 200 OK
2025-01-09 09:27:58 [http-nio-8888-exec-4] DEBUG o.s.web.servlet.DispatcherServlet - Completed 200 OK
2025-01-09 09:27:58 [http-nio-8888-exec-6] DEBUG o.s.web.servlet.DispatcherServlet - Completed 200 OK
2025-01-09 09:27:58 [http-nio-8888-exec-7] DEBUG o.s.web.servlet.DispatcherServlet - Completed 200 OK
2025-01-09 09:27:58 [http-nio-8888-exec-1] DEBUG o.s.web.servlet.DispatcherServlet - Completed 200 OK
2025-01-09 09:27:58 [http-nio-8888-exec-9] DEBUG o.s.web.servlet.DispatcherServlet - GET "/img/cappuccino.png", parameters={}
2025-01-09 09:27:58 [http-nio-8888-exec-8] DEBUG o.s.web.servlet.DispatcherServlet - GET "/img/dolchelatte.png", parameters={}
2025-01-09 09:27:58 [http-nio-8888-exec-9] DEBUG o.s.w.s.h.SimpleUrlHandlerMapping - Mapped to ResourceHttpRequestHandler [classpath [META-INF/resources/], classpath [resources/], classpath [static/], classpath [public/], ServletContext [/]]
2025-01-09 09:27:58 [http-nio-8888-exec-8] DEBUG o.s.w.s.h.SimpleUrlHandlerMapping - Mapped to ResourceHttpRequestHandler [classpath [META-INF/resources/], classpath [resources/], classpath [static/], classpath [public/], ServletContext [/]]
2025-01-09 09:27:58 [http-nio-8888-exec-2] DEBUG o.s.web.servlet.DispatcherServlet - GET "/img/javachoco.png", parameters={}
2025-01-09 09:27:58 [http-nio-8888-exec-2] DEBUG o.s.w.s.h.SimpleUrlHandlerMapping - Mapped to ResourceHttpRequestHandler [classpath [META-INF/resources/], classpath [resources/], classpath [static/], classpath [public/], ServletContext [/]]
2025-01-09 09:27:58 [http-nio-8888-exec-3] DEBUG o.s.web.servlet.DispatcherServlet - GET "/img/icecream.png", parameters={}
2025-01-09 09:27:58 [http-nio-8888-exec-3] DEBUG o.s.w.s.h.SimpleUrlHandlerMapping - Mapped to ResourceHttpRequestHandler [classpath [META-INF/resources/], classpath [resources/], classpath [static/], classpath [public/], ServletContext [/]]
2025-01-09 09:27:58 [http-nio-8888-exec-1] DEBUG o.s.web.servlet.DispatcherServlet - GET "/img/blacktea.png", parameters={}
2025-01-09 09:27:58 [http-nio-8888-exec-1] DEBUG o.s.w.s.h.SimpleUrlHandlerMapping - Mapped to ResourceHttpRequestHandler [classpath [META-INF/resources/], classpath [resources/], classpath [static/], classpath [public/], ServletContext [/]]
2025-01-09 09:27:58 [http-nio-8888-exec-3] DEBUG o.s.web.servlet.DispatcherServlet - Completed 200 OK
2025-01-09 09:27:58 [http-nio-8888-exec-9] DEBUG o.s.web.servlet.DispatcherServlet - Completed 200 OK
2025-01-09 09:27:58 [http-nio-8888-exec-8] DEBUG o.s.web.servlet.DispatcherServlet - Completed 200 OK
2025-01-09 09:27:58 [http-nio-8888-exec-2] DEBUG o.s.web.servlet.DispatcherServlet - Completed 200 OK
2025-01-09 09:27:58 [http-nio-8888-exec-1] DEBUG o.s.web.servlet.DispatcherServlet - Completed 200 OK
2025-01-09 09:28:00 [http-nio-8888-exec-9] DEBUG o.s.web.servlet.DispatcherServlet - GET "/product/read/1", parameters={}
2025-01-09 09:28:00 [http-nio-8888-exec-9] DEBUG o.s.w.s.m.m.a.RequestMappingHandlerMapping - Mapped to com.example.spring4.product.controller.ProductController#read(Model, long)
2025-01-09 09:28:00 [http-nio-8888-exec-9] DEBUG org.mybatis.spring.SqlSessionUtils - Creating a new SqlSession
2025-01-09 09:28:00 [http-nio-8888-exec-9] DEBUG org.mybatis.spring.SqlSessionUtils - SqlSession [org.apache.ibatis.session.defaults.DefaultSqlSession@3c79a479] was not registered for synchronization because synchronization is not active
2025-01-09 09:28:00 [http-nio-8888-exec-9] DEBUG o.m.s.t.SpringManagedTransaction - JDBC Connection [HikariProxyConnection@1963927633 wrapping com.mysql.cj.jdbc.ConnectionImpl@29ce26b1] will not be managed by Spring
2025-01-09 09:28:00 [http-nio-8888-exec-9] DEBUG c.e.s.p.dao.ProductMapper.findById - ==>  Preparing: SELECT productId, name, content, company, img, price FROM product WHERE productId = ?
2025-01-09 09:28:00 [http-nio-8888-exec-9] DEBUG c.e.s.p.dao.ProductMapper.findById - ==> Parameters: 1(Long)
2025-01-09 09:28:00 [http-nio-8888-exec-9] DEBUG c.e.s.p.dao.ProductMapper.findById - <==      Total: 1
2025-01-09 09:28:00 [http-nio-8888-exec-9] DEBUG org.mybatis.spring.SqlSessionUtils - Closing non transactional SqlSession [org.apache.ibatis.session.defaults.DefaultSqlSession@3c79a479]
2025-01-09 09:28:00 [http-nio-8888-exec-9] DEBUG o.s.w.s.v.ContentNegotiatingViewResolver - Selected 'text/html' given [text/html, application/xhtml+xml, image/avif, image/webp, image/apng, application/xml;q=0.9, */*;q=0.8, application/signed-exchange;v=b3;q=0.7]
2025-01-09 09:28:00 [http-nio-8888-exec-9] DEBUG o.s.web.servlet.DispatcherServlet - Completed 200 OK
2025-01-09 09:28:00 [http-nio-8888-exec-8] DEBUG o.s.web.servlet.DispatcherServlet - GET "/css/style.css", parameters={}
2025-01-09 09:28:00 [http-nio-8888-exec-2] DEBUG o.s.web.servlet.DispatcherServlet - GET "/img/coffee.png", parameters={}
2025-01-09 09:28:00 [http-nio-8888-exec-7] DEBUG o.s.web.servlet.DispatcherServlet - GET "/img/latte.png", parameters={}
2025-01-09 09:28:00 [http-nio-8888-exec-8] DEBUG o.s.w.s.h.SimpleUrlHandlerMapping - Mapped to ResourceHttpRequestHandler [classpath [META-INF/resources/], classpath [resources/], classpath [static/], classpath [public/], ServletContext [/]]
2025-01-09 09:28:00 [http-nio-8888-exec-7] DEBUG o.s.w.s.h.SimpleUrlHandlerMapping - Mapped to ResourceHttpRequestHandler [classpath [META-INF/resources/], classpath [resources/], classpath [static/], classpath [public/], ServletContext [/]]
2025-01-09 09:28:00 [http-nio-8888-exec-5] DEBUG o.s.web.servlet.DispatcherServlet - GET "/js/scripts.js", parameters={}
2025-01-09 09:28:00 [http-nio-8888-exec-2] DEBUG o.s.w.s.h.SimpleUrlHandlerMapping - Mapped to ResourceHttpRequestHandler [classpath [META-INF/resources/], classpath [resources/], classpath [static/], classpath [public/], ServletContext [/]]
2025-01-09 09:28:00 [http-nio-8888-exec-1] DEBUG o.s.web.servlet.DispatcherServlet - GET "/img/bye.png", parameters={}
2025-01-09 09:28:00 [http-nio-8888-exec-5] DEBUG o.s.w.s.h.SimpleUrlHandlerMapping - Mapped to ResourceHttpRequestHandler [classpath [META-INF/resources/], classpath [resources/], classpath [static/], classpath [public/], ServletContext [/]]
2025-01-09 09:28:00 [http-nio-8888-exec-1] DEBUG o.s.w.s.h.SimpleUrlHandlerMapping - Mapped to ResourceHttpRequestHandler [classpath [META-INF/resources/], classpath [resources/], classpath [static/], classpath [public/], ServletContext [/]]
2025-01-09 09:28:00 [http-nio-8888-exec-10] DEBUG o.s.web.servlet.DispatcherServlet - GET "/img/member.png", parameters={}
2025-01-09 09:28:00 [http-nio-8888-exec-2] DEBUG o.s.web.servlet.DispatcherServlet - Completed 200 OK
2025-01-09 09:28:00 [http-nio-8888-exec-10] DEBUG o.s.w.s.h.SimpleUrlHandlerMapping - Mapped to ResourceHttpRequestHandler [classpath [META-INF/resources/], classpath [resources/], classpath [static/], classpath [public/], ServletContext [/]]
2025-01-09 09:28:00 [http-nio-8888-exec-7] DEBUG o.s.web.servlet.DispatcherServlet - Completed 200 OK
2025-01-09 09:28:00 [http-nio-8888-exec-1] DEBUG o.s.web.servlet.DispatcherServlet - Completed 200 OK
2025-01-09 09:28:00 [http-nio-8888-exec-5] DEBUG o.s.web.servlet.DispatcherServlet - Completed 200 OK
2025-01-09 09:28:00 [http-nio-8888-exec-7] DEBUG o.s.web.servlet.DispatcherServlet - GET "/img/product.png", parameters={}
2025-01-09 09:28:00 [http-nio-8888-exec-6] DEBUG o.s.web.servlet.DispatcherServlet - GET "/img/board.png", parameters={}
2025-01-09 09:28:00 [http-nio-8888-exec-8] DEBUG o.s.web.servlet.DispatcherServlet - Completed 200 OK
2025-01-09 09:28:00 [http-nio-8888-exec-10] DEBUG o.s.web.servlet.DispatcherServlet - Completed 200 OK
2025-01-09 09:28:00 [http-nio-8888-exec-7] DEBUG o.s.w.s.h.SimpleUrlHandlerMapping - Mapped to ResourceHttpRequestHandler [classpath [META-INF/resources/], classpath [resources/], classpath [static/], classpath [public/], ServletContext [/]]
2025-01-09 09:28:00 [http-nio-8888-exec-6] DEBUG o.s.w.s.h.SimpleUrlHandlerMapping - Mapped to ResourceHttpRequestHandler [classpath [META-INF/resources/], classpath [resources/], classpath [static/], classpath [public/], ServletContext [/]]
2025-01-09 09:28:00 [http-nio-8888-exec-7] DEBUG o.s.web.servlet.DispatcherServlet - Completed 200 OK
2025-01-09 09:28:00 [http-nio-8888-exec-8] DEBUG o.s.web.servlet.DispatcherServlet - GET "/img/cart.png", parameters={}
2025-01-09 09:28:00 [http-nio-8888-exec-6] DEBUG o.s.web.servlet.DispatcherServlet - Completed 200 OK
2025-01-09 09:28:00 [http-nio-8888-exec-8] DEBUG o.s.w.s.h.SimpleUrlHandlerMapping - Mapped to ResourceHttpRequestHandler [classpath [META-INF/resources/], classpath [resources/], classpath [static/], classpath [public/], ServletContext [/]]
2025-01-09 09:28:00 [http-nio-8888-exec-8] DEBUG o.s.web.servlet.DispatcherServlet - Completed 200 OK
2025-01-09 09:28:03 [http-nio-8888-exec-3] DEBUG o.s.web.servlet.DispatcherServlet - GET "/cart/cart", parameters={}
2025-01-09 09:28:03 [http-nio-8888-exec-3] DEBUG o.s.w.s.m.m.a.RequestMappingHandlerMapping - Mapped to com.example.spring4.cart.controller.CartController#cart(HttpSession, Model)
2025-01-09 09:28:03 [http-nio-8888-exec-3] DEBUG o.s.web.servlet.DispatcherServlet - Failed to complete request: java.lang.NullPointerException: Cannot invoke "Object.toString()" because the return value of "jakarta.servlet.http.HttpSession.getAttribute(String)" is null
2025-01-09 09:28:03 [http-nio-8888-exec-3] ERROR o.a.c.c.C.[.[.[.[dispatcherServlet] - Servlet.service() for servlet [dispatcherServlet] in context with path [] threw exception [Request processing failed: java.lang.NullPointerException: Cannot invoke "Object.toString()" because the return value of "jakarta.servlet.http.HttpSession.getAttribute(String)" is null] with root cause
java.lang.NullPointerException: Cannot invoke "Object.toString()" because the return value of "jakarta.servlet.http.HttpSession.getAttribute(String)" is null
	at com.example.spring4.cart.controller.CartController.cart(CartController.java:26)
	at java.base/jdk.internal.reflect.NativeMethodAccessorImpl.invoke0(Native Method)
	at java.base/jdk.internal.reflect.NativeMethodAccessorImpl.invoke(NativeMethodAccessorImpl.java:77)
	at java.base/jdk.internal.reflect.DelegatingMethodAccessorImpl.invoke(DelegatingMethodAccessorImpl.java:43)
	at java.base/java.lang.reflect.Method.invoke(Method.java:569)
	at org.springframework.web.method.support.InvocableHandlerMethod.doInvoke(InvocableHandlerMethod.java:207)
	at org.springframework.web.method.support.InvocableHandlerMethod.invokeForRequest(InvocableHandlerMethod.java:152)
	at org.springframework.web.servlet.mvc.method.annotation.ServletInvocableHandlerMethod.invokeAndHandle(ServletInvocableHandlerMethod.java:117)
	at org.springframework.web.servlet.mvc.method.annotation.RequestMappingHandlerAdapter.invokeHandlerMethod(RequestMappingHandlerAdapter.java:884)
	at org.springframework.web.servlet.mvc.method.annotation.RequestMappingHandlerAdapter.handleInternal(RequestMappingHandlerAdapter.java:797)
	at org.springframework.web.servlet.mvc.method.AbstractHandlerMethodAdapter.handle(AbstractHandlerMethodAdapter.java:87)
	at org.springframework.web.servlet.DispatcherServlet.doDispatch(DispatcherServlet.java:1080)
	at org.springframework.web.servlet.DispatcherServlet.doService(DispatcherServlet.java:973)
	at org.springframework.web.servlet.FrameworkServlet.processRequest(FrameworkServlet.java:1011)
	at org.springframework.web.servlet.FrameworkServlet.doGet(FrameworkServlet.java:903)
	at jakarta.servlet.http.HttpServlet.service(HttpServlet.java:705)
	at org.springframework.web.servlet.FrameworkServlet.service(FrameworkServlet.java:885)
	at jakarta.servlet.http.HttpServlet.service(HttpServlet.java:814)
	at org.apache.catalina.core.ApplicationFilterChain.internalDoFilter(ApplicationFilterChain.java:223)
	at org.apache.catalina.core.ApplicationFilterChain.doFilter(ApplicationFilterChain.java:158)
	at org.apache.tomcat.websocket.server.WsFilter.doFilter(WsFilter.java:53)
	at org.apache.catalina.core.ApplicationFilterChain.internalDoFilter(ApplicationFilterChain.java:185)
	at org.apache.catalina.core.ApplicationFilterChain.doFilter(ApplicationFilterChain.java:158)
	at org.springframework.web.filter.RequestContextFilter.doFilterInternal(RequestContextFilter.java:100)
	at org.springframework.web.filter.OncePerRequestFilter.doFilter(OncePerRequestFilter.java:116)
	at org.apache.catalina.core.ApplicationFilterChain.internalDoFilter(ApplicationFilterChain.java:185)
	at org.apache.catalina.core.ApplicationFilterChain.doFilter(ApplicationFilterChain.java:158)
	at org.springframework.web.filter.FormContentFilter.doFilterInternal(FormContentFilter.java:93)
	at org.springframework.web.filter.OncePerRequestFilter.doFilter(OncePerRequestFilter.java:116)
	at org.apache.catalina.core.ApplicationFilterChain.internalDoFilter(ApplicationFilterChain.java:185)
	at org.apache.catalina.core.ApplicationFilterChain.doFilter(ApplicationFilterChain.java:158)
	at org.springframework.web.filter.ServerHttpObservationFilter.doFilterInternal(ServerHttpObservationFilter.java:109)
	at org.springframework.web.filter.OncePerRequestFilter.doFilter(OncePerRequestFilter.java:116)
	at org.apache.catalina.core.ApplicationFilterChain.internalDoFilter(ApplicationFilterChain.java:185)
	at org.apache.catalina.core.ApplicationFilterChain.doFilter(ApplicationFilterChain.java:158)
	at org.springframework.web.filter.CharacterEncodingFilter.doFilterInternal(CharacterEncodingFilter.java:201)
	at org.springframework.web.filter.OncePerRequestFilter.doFilter(OncePerRequestFilter.java:116)
	at org.apache.catalina.core.ApplicationFilterChain.internalDoFilter(ApplicationFilterChain.java:185)
	at org.apache.catalina.core.ApplicationFilterChain.doFilter(ApplicationFilterChain.java:158)
	at org.apache.catalina.core.StandardWrapperValve.invoke(StandardWrapperValve.java:177)
	at org.apache.catalina.core.StandardContextValve.invoke(StandardContextValve.java:97)
	at org.apache.catalina.authenticator.AuthenticatorBase.invoke(AuthenticatorBase.java:542)
	at org.apache.catalina.core.StandardHostValve.invoke(StandardHostValve.java:119)
	at org.apache.catalina.valves.ErrorReportValve.invoke(ErrorReportValve.java:92)
	at org.apache.catalina.core.StandardEngineValve.invoke(StandardEngineValve.java:78)
	at org.apache.catalina.connector.CoyoteAdapter.service(CoyoteAdapter.java:357)
	at org.apache.coyote.http11.Http11Processor.service(Http11Processor.java:400)
	at org.apache.coyote.AbstractProcessorLight.process(AbstractProcessorLight.java:65)
	at org.apache.coyote.AbstractProtocol$ConnectionHandler.process(AbstractProtocol.java:859)
	at org.apache.tomcat.util.net.NioEndpoint$SocketProcessor.doRun(NioEndpoint.java:1734)
	at org.apache.tomcat.util.net.SocketProcessorBase.run(SocketProcessorBase.java:52)
	at org.apache.tomcat.util.threads.ThreadPoolExecutor.runWorker(ThreadPoolExecutor.java:1191)
	at org.apache.tomcat.util.threads.ThreadPoolExecutor$Worker.run(ThreadPoolExecutor.java:659)
	at org.apache.tomcat.util.threads.TaskThread$WrappingRunnable.run(TaskThread.java:61)
	at java.base/java.lang.Thread.run(Thread.java:840)
2025-01-09 09:28:03 [http-nio-8888-exec-3] DEBUG o.s.web.servlet.DispatcherServlet - "ERROR" dispatch for GET "/error", parameters={}
2025-01-09 09:28:03 [http-nio-8888-exec-3] DEBUG o.s.w.s.m.m.a.RequestMappingHandlerMapping - Mapped to org.springframework.boot.autoconfigure.web.servlet.error.BasicErrorController#errorHtml(HttpServletRequest, HttpServletResponse)
2025-01-09 09:28:03 [http-nio-8888-exec-3] DEBUG o.s.w.s.v.ContentNegotiatingViewResolver - Selected 'text/html' given [text/html, text/html;q=0.8]
2025-01-09 09:28:03 [http-nio-8888-exec-3] DEBUG o.s.web.servlet.DispatcherServlet - Exiting from "ERROR" dispatch, status 500
2025-01-09 09:28:18 [http-nio-8888-exec-10] DEBUG o.s.web.servlet.DispatcherServlet - GET "/member/member", parameters={}
2025-01-09 09:28:18 [http-nio-8888-exec-10] DEBUG o.s.w.s.m.m.a.RequestMappingHandlerMapping - Mapped to com.example.spring4.member.controller.MemberController#member()
2025-01-09 09:28:18 [http-nio-8888-exec-10] DEBUG o.s.w.s.v.ContentNegotiatingViewResolver - Selected 'text/html' given [text/html, application/xhtml+xml, image/avif, image/webp, image/apng, application/xml;q=0.9, */*;q=0.8, application/signed-exchange;v=b3;q=0.7]
2025-01-09 09:28:18 [http-nio-8888-exec-10] DEBUG o.s.web.servlet.DispatcherServlet - Completed 200 OK
2025-01-09 09:28:18 [http-nio-8888-exec-7] DEBUG o.s.web.servlet.DispatcherServlet - GET "/css/style.css", parameters={}
2025-01-09 09:28:18 [http-nio-8888-exec-6] DEBUG o.s.web.servlet.DispatcherServlet - GET "/img/coffee.png", parameters={}
2025-01-09 09:28:18 [http-nio-8888-exec-3] DEBUG o.s.web.servlet.DispatcherServlet - GET "/img/bye.png", parameters={}
2025-01-09 09:28:18 [http-nio-8888-exec-1] DEBUG o.s.web.servlet.DispatcherServlet - GET "/img/member.png", parameters={}
2025-01-09 09:28:18 [http-nio-8888-exec-2] DEBUG o.s.web.servlet.DispatcherServlet - GET "/img/board.png", parameters={}
2025-01-09 09:28:18 [http-nio-8888-exec-8] DEBUG o.s.web.servlet.DispatcherServlet - GET "/js/scripts.js", parameters={}
2025-01-09 09:28:18 [http-nio-8888-exec-3] DEBUG o.s.w.s.h.SimpleUrlHandlerMapping - Mapped to ResourceHttpRequestHandler [classpath [META-INF/resources/], classpath [resources/], classpath [static/], classpath [public/], ServletContext [/]]
2025-01-09 09:28:18 [http-nio-8888-exec-6] DEBUG o.s.w.s.h.SimpleUrlHandlerMapping - Mapped to ResourceHttpRequestHandler [classpath [META-INF/resources/], classpath [resources/], classpath [static/], classpath [public/], ServletContext [/]]
2025-01-09 09:28:18 [http-nio-8888-exec-1] DEBUG o.s.w.s.h.SimpleUrlHandlerMapping - Mapped to ResourceHttpRequestHandler [classpath [META-INF/resources/], classpath [resources/], classpath [static/], classpath [public/], ServletContext [/]]
2025-01-09 09:28:18 [http-nio-8888-exec-2] DEBUG o.s.w.s.h.SimpleUrlHandlerMapping - Mapped to ResourceHttpRequestHandler [classpath [META-INF/resources/], classpath [resources/], classpath [static/], classpath [public/], ServletContext [/]]
2025-01-09 09:28:18 [http-nio-8888-exec-7] DEBUG o.s.w.s.h.SimpleUrlHandlerMapping - Mapped to ResourceHttpRequestHandler [classpath [META-INF/resources/], classpath [resources/], classpath [static/], classpath [public/], ServletContext [/]]
2025-01-09 09:28:18 [http-nio-8888-exec-8] DEBUG o.s.w.s.h.SimpleUrlHandlerMapping - Mapped to ResourceHttpRequestHandler [classpath [META-INF/resources/], classpath [resources/], classpath [static/], classpath [public/], ServletContext [/]]
2025-01-09 09:28:18 [http-nio-8888-exec-8] DEBUG o.s.web.servlet.DispatcherServlet - Completed 200 OK
2025-01-09 09:28:18 [http-nio-8888-exec-3] DEBUG o.s.web.servlet.DispatcherServlet - Completed 200 OK
2025-01-09 09:28:18 [http-nio-8888-exec-6] DEBUG o.s.web.servlet.DispatcherServlet - Completed 200 OK
2025-01-09 09:28:18 [http-nio-8888-exec-2] DEBUG o.s.web.servlet.DispatcherServlet - Completed 200 OK
2025-01-09 09:28:18 [http-nio-8888-exec-1] DEBUG o.s.web.servlet.DispatcherServlet - Completed 200 OK
2025-01-09 09:28:18 [http-nio-8888-exec-7] DEBUG o.s.web.servlet.DispatcherServlet - Completed 200 OK
2025-01-09 09:28:18 [http-nio-8888-exec-5] DEBUG o.s.web.servlet.DispatcherServlet - GET "/img/cart.png", parameters={}
2025-01-09 09:28:18 [http-nio-8888-exec-9] DEBUG o.s.web.servlet.DispatcherServlet - GET "/img/product.png", parameters={}
2025-01-09 09:28:18 [http-nio-8888-exec-5] DEBUG o.s.w.s.h.SimpleUrlHandlerMapping - Mapped to ResourceHttpRequestHandler [classpath [META-INF/resources/], classpath [resources/], classpath [static/], classpath [public/], ServletContext [/]]
2025-01-09 09:28:18 [http-nio-8888-exec-9] DEBUG o.s.w.s.h.SimpleUrlHandlerMapping - Mapped to ResourceHttpRequestHandler [classpath [META-INF/resources/], classpath [resources/], classpath [static/], classpath [public/], ServletContext [/]]
2025-01-09 09:28:18 [http-nio-8888-exec-5] DEBUG o.s.web.servlet.DispatcherServlet - Completed 200 OK
2025-01-09 09:28:18 [http-nio-8888-exec-9] DEBUG o.s.web.servlet.DispatcherServlet - Completed 200 OK
2025-01-09 09:28:21 [http-nio-8888-exec-1] DEBUG o.s.web.servlet.DispatcherServlet - POST "/member/login", parameters={masked}
2025-01-09 09:28:21 [http-nio-8888-exec-1] DEBUG o.s.w.s.m.m.a.RequestMappingHandlerMapping - Mapped to com.example.spring4.member.controller.MemberController#login(MemberVO, HttpSession, Model)
2025-01-09 09:28:21 [http-nio-8888-exec-1] DEBUG org.mybatis.spring.SqlSessionUtils - Creating a new SqlSession
2025-01-09 09:28:21 [http-nio-8888-exec-1] DEBUG org.mybatis.spring.SqlSessionUtils - SqlSession [org.apache.ibatis.session.defaults.DefaultSqlSession@2316dee9] was not registered for synchronization because synchronization is not active
2025-01-09 09:28:21 [http-nio-8888-exec-1] DEBUG o.m.s.t.SpringManagedTransaction - JDBC Connection [HikariProxyConnection@123514082 wrapping com.mysql.cj.jdbc.ConnectionImpl@29ce26b1] will not be managed by Spring
2025-01-09 09:28:21 [http-nio-8888-exec-1] DEBUG c.e.s.m.d.M.selectMemberById - ==>  Preparing: select * from member where id = ?
2025-01-09 09:28:21 [http-nio-8888-exec-1] DEBUG c.e.s.m.d.M.selectMemberById - ==> Parameters: apple(String)
2025-01-09 09:28:21 [http-nio-8888-exec-1] DEBUG c.e.s.m.d.M.selectMemberById - <==      Total: 1
2025-01-09 09:28:21 [http-nio-8888-exec-1] DEBUG org.mybatis.spring.SqlSessionUtils - Closing non transactional SqlSession [org.apache.ibatis.session.defaults.DefaultSqlSession@2316dee9]
2025-01-09 09:28:21 [http-nio-8888-exec-1] DEBUG o.s.w.s.v.ContentNegotiatingViewResolver - Selected 'text/html' given [text/html, application/xhtml+xml, image/avif, image/webp, image/apng, application/xml;q=0.9, */*;q=0.8, application/signed-exchange;v=b3;q=0.7]
2025-01-09 09:28:21 [http-nio-8888-exec-1] DEBUG o.s.web.servlet.DispatcherServlet - Completed 200 OK
2025-01-09 09:28:22 [http-nio-8888-exec-7] DEBUG o.s.web.servlet.DispatcherServlet - GET "/css/style.css", parameters={}
2025-01-09 09:28:22 [http-nio-8888-exec-8] DEBUG o.s.web.servlet.DispatcherServlet - GET "/img/bye.png", parameters={}
2025-01-09 09:28:22 [http-nio-8888-exec-7] DEBUG o.s.w.s.h.SimpleUrlHandlerMapping - Mapped to ResourceHttpRequestHandler [classpath [META-INF/resources/], classpath [resources/], classpath [static/], classpath [public/], ServletContext [/]]
2025-01-09 09:28:22 [http-nio-8888-exec-6] DEBUG o.s.web.servlet.DispatcherServlet - GET "/img/member.png", parameters={}
2025-01-09 09:28:22 [http-nio-8888-exec-8] DEBUG o.s.w.s.h.SimpleUrlHandlerMapping - Mapped to ResourceHttpRequestHandler [classpath [META-INF/resources/], classpath [resources/], classpath [static/], classpath [public/], ServletContext [/]]
2025-01-09 09:28:22 [http-nio-8888-exec-5] DEBUG o.s.web.servlet.DispatcherServlet - GET "/img/coffee.png", parameters={}
2025-01-09 09:28:22 [http-nio-8888-exec-6] DEBUG o.s.w.s.h.SimpleUrlHandlerMapping - Mapped to ResourceHttpRequestHandler [classpath [META-INF/resources/], classpath [resources/], classpath [static/], classpath [public/], ServletContext [/]]
2025-01-09 09:28:22 [http-nio-8888-exec-7] DEBUG o.s.web.servlet.DispatcherServlet - Completed 200 OK
2025-01-09 09:28:22 [http-nio-8888-exec-8] DEBUG o.s.web.servlet.DispatcherServlet - Completed 200 OK
2025-01-09 09:28:22 [http-nio-8888-exec-5] DEBUG o.s.w.s.h.SimpleUrlHandlerMapping - Mapped to ResourceHttpRequestHandler [classpath [META-INF/resources/], classpath [resources/], classpath [static/], classpath [public/], ServletContext [/]]
2025-01-09 09:28:22 [http-nio-8888-exec-9] DEBUG o.s.web.servlet.DispatcherServlet - GET "/js/scripts.js", parameters={}
2025-01-09 09:28:22 [http-nio-8888-exec-9] DEBUG o.s.w.s.h.SimpleUrlHandlerMapping - Mapped to ResourceHttpRequestHandler [classpath [META-INF/resources/], classpath [resources/], classpath [static/], classpath [public/], ServletContext [/]]
2025-01-09 09:28:22 [http-nio-8888-exec-5] DEBUG o.s.web.servlet.DispatcherServlet - Completed 200 OK
2025-01-09 09:28:22 [http-nio-8888-exec-8] DEBUG o.s.web.servlet.DispatcherServlet - GET "/img/cart.png", parameters={}
2025-01-09 09:28:22 [http-nio-8888-exec-4] DEBUG o.s.web.servlet.DispatcherServlet - GET "/img/board.png", parameters={}
2025-01-09 09:28:22 [http-nio-8888-exec-6] DEBUG o.s.web.servlet.DispatcherServlet - Completed 200 OK
2025-01-09 09:28:22 [http-nio-8888-exec-4] DEBUG o.s.w.s.h.SimpleUrlHandlerMapping - Mapped to ResourceHttpRequestHandler [classpath [META-INF/resources/], classpath [resources/], classpath [static/], classpath [public/], ServletContext [/]]
2025-01-09 09:28:22 [http-nio-8888-exec-9] DEBUG o.s.web.servlet.DispatcherServlet - Completed 200 OK
2025-01-09 09:28:22 [http-nio-8888-exec-5] DEBUG o.s.web.servlet.DispatcherServlet - GET "/img/product.png", parameters={}
2025-01-09 09:28:22 [http-nio-8888-exec-8] DEBUG o.s.w.s.h.SimpleUrlHandlerMapping - Mapped to ResourceHttpRequestHandler [classpath [META-INF/resources/], classpath [resources/], classpath [static/], classpath [public/], ServletContext [/]]
2025-01-09 09:28:22 [http-nio-8888-exec-5] DEBUG o.s.w.s.h.SimpleUrlHandlerMapping - Mapped to ResourceHttpRequestHandler [classpath [META-INF/resources/], classpath [resources/], classpath [static/], classpath [public/], ServletContext [/]]
2025-01-09 09:28:22 [http-nio-8888-exec-4] DEBUG o.s.web.servlet.DispatcherServlet - Completed 200 OK
2025-01-09 09:28:22 [http-nio-8888-exec-8] DEBUG o.s.web.servlet.DispatcherServlet - Completed 200 OK
2025-01-09 09:28:22 [http-nio-8888-exec-5] DEBUG o.s.web.servlet.DispatcherServlet - Completed 200 OK
2025-01-09 09:28:24 [http-nio-8888-exec-3] DEBUG o.s.web.servlet.DispatcherServlet - GET "/cart/cart", parameters={}
2025-01-09 09:28:24 [http-nio-8888-exec-3] DEBUG o.s.w.s.m.m.a.RequestMappingHandlerMapping - Mapped to com.example.spring4.cart.controller.CartController#cart(HttpSession, Model)
2025-01-09 09:28:24 [http-nio-8888-exec-3] DEBUG org.mybatis.spring.SqlSessionUtils - Creating a new SqlSession
2025-01-09 09:28:24 [http-nio-8888-exec-3] DEBUG org.mybatis.spring.SqlSessionUtils - SqlSession [org.apache.ibatis.session.defaults.DefaultSqlSession@6a292f3c] was not registered for synchronization because synchronization is not active
2025-01-09 09:28:24 [http-nio-8888-exec-3] DEBUG o.m.s.t.SpringManagedTransaction - JDBC Connection [HikariProxyConnection@1609507744 wrapping com.mysql.cj.jdbc.ConnectionImpl@29ce26b1] will not be managed by Spring
2025-01-09 09:28:24 [http-nio-8888-exec-3] DEBUG c.e.s.c.d.C.findCartsByMemberId - ==>  Preparing: SELECT c.no, c.memberId, c.productId, c.count, m.name as memberName, m.tel as memberTel, p.name as productName, p.price as productPrice FROM cart c JOIN member m ON c.memberId = m.id JOIN product p ON c.productId = p.productId WHERE m.id = ?
2025-01-09 09:28:24 [http-nio-8888-exec-3] DEBUG c.e.s.c.d.C.findCartsByMemberId - ==> Parameters: apple(String)
2025-01-09 09:28:24 [http-nio-8888-exec-3] DEBUG c.e.s.c.d.C.findCartsByMemberId - <==      Total: 3
2025-01-09 09:28:24 [http-nio-8888-exec-3] DEBUG org.mybatis.spring.SqlSessionUtils - Closing non transactional SqlSession [org.apache.ibatis.session.defaults.DefaultSqlSession@6a292f3c]
2025-01-09 09:28:24 [http-nio-8888-exec-3] DEBUG o.s.w.s.v.ContentNegotiatingViewResolver - Selected 'text/html' given [text/html, application/xhtml+xml, image/avif, image/webp, image/apng, application/xml;q=0.9, */*;q=0.8, application/signed-exchange;v=b3;q=0.7]
2025-01-09 09:28:24 [http-nio-8888-exec-3] DEBUG o.s.web.servlet.DispatcherServlet - Completed 200 OK
2025-01-09 09:28:24 [http-nio-8888-exec-2] DEBUG o.s.web.servlet.DispatcherServlet - GET "/css/style.css", parameters={}
2025-01-09 09:28:24 [http-nio-8888-exec-2] DEBUG o.s.w.s.h.SimpleUrlHandlerMapping - Mapped to ResourceHttpRequestHandler [classpath [META-INF/resources/], classpath [resources/], classpath [static/], classpath [public/], ServletContext [/]]
2025-01-09 09:28:24 [http-nio-8888-exec-2] DEBUG o.s.web.servlet.DispatcherServlet - Completed 200 OK
2025-01-09 09:28:24 [http-nio-8888-exec-7] DEBUG o.s.web.servlet.DispatcherServlet - GET "/js/scripts.js", parameters={}
2025-01-09 09:28:24 [http-nio-8888-exec-1] DEBUG o.s.web.servlet.DispatcherServlet - GET "/img/coffee.png", parameters={}
2025-01-09 09:28:24 [http-nio-8888-exec-6] DEBUG o.s.web.servlet.DispatcherServlet - GET "/img/board.png", parameters={}
2025-01-09 09:28:24 [http-nio-8888-exec-10] DEBUG o.s.web.servlet.DispatcherServlet - GET "/img/bye.png", parameters={}
2025-01-09 09:28:24 [http-nio-8888-exec-9] DEBUG o.s.web.servlet.DispatcherServlet - GET "/img/member.png", parameters={}
2025-01-09 09:28:24 [http-nio-8888-exec-7] DEBUG o.s.w.s.h.SimpleUrlHandlerMapping - Mapped to ResourceHttpRequestHandler [classpath [META-INF/resources/], classpath [resources/], classpath [static/], classpath [public/], ServletContext [/]]
2025-01-09 09:28:24 [http-nio-8888-exec-6] DEBUG o.s.w.s.h.SimpleUrlHandlerMapping - Mapped to ResourceHttpRequestHandler [classpath [META-INF/resources/], classpath [resources/], classpath [static/], classpath [public/], ServletContext [/]]
2025-01-09 09:28:24 [http-nio-8888-exec-10] DEBUG o.s.w.s.h.SimpleUrlHandlerMapping - Mapped to ResourceHttpRequestHandler [classpath [META-INF/resources/], classpath [resources/], classpath [static/], classpath [public/], ServletContext [/]]
2025-01-09 09:28:24 [http-nio-8888-exec-9] DEBUG o.s.w.s.h.SimpleUrlHandlerMapping - Mapped to ResourceHttpRequestHandler [classpath [META-INF/resources/], classpath [resources/], classpath [static/], classpath [public/], ServletContext [/]]
2025-01-09 09:28:24 [http-nio-8888-exec-4] DEBUG o.s.web.servlet.DispatcherServlet - GET "/img/product.png", parameters={}
2025-01-09 09:28:24 [http-nio-8888-exec-1] DEBUG o.s.w.s.h.SimpleUrlHandlerMapping - Mapped to ResourceHttpRequestHandler [classpath [META-INF/resources/], classpath [resources/], classpath [static/], classpath [public/], ServletContext [/]]
2025-01-09 09:28:24 [http-nio-8888-exec-7] DEBUG o.s.web.servlet.DispatcherServlet - Completed 200 OK
2025-01-09 09:28:24 [http-nio-8888-exec-6] DEBUG o.s.web.servlet.DispatcherServlet - Completed 200 OK
2025-01-09 09:28:24 [http-nio-8888-exec-1] DEBUG o.s.web.servlet.DispatcherServlet - Completed 200 OK
2025-01-09 09:28:24 [http-nio-8888-exec-10] DEBUG o.s.web.servlet.DispatcherServlet - Completed 200 OK
2025-01-09 09:28:24 [http-nio-8888-exec-4] DEBUG o.s.w.s.h.SimpleUrlHandlerMapping - Mapped to ResourceHttpRequestHandler [classpath [META-INF/resources/], classpath [resources/], classpath [static/], classpath [public/], ServletContext [/]]
2025-01-09 09:28:24 [http-nio-8888-exec-9] DEBUG o.s.web.servlet.DispatcherServlet - Completed 200 OK
2025-01-09 09:28:24 [http-nio-8888-exec-4] DEBUG o.s.web.servlet.DispatcherServlet - Completed 200 OK
2025-01-09 09:28:24 [http-nio-8888-exec-8] DEBUG o.s.web.servlet.DispatcherServlet - GET "/img/cart.png", parameters={}
2025-01-09 09:28:24 [http-nio-8888-exec-8] DEBUG o.s.w.s.h.SimpleUrlHandlerMapping - Mapped to ResourceHttpRequestHandler [classpath [META-INF/resources/], classpath [resources/], classpath [static/], classpath [public/], ServletContext [/]]
2025-01-09 09:28:24 [http-nio-8888-exec-8] DEBUG o.s.web.servlet.DispatcherServlet - Completed 200 OK
2025-01-09 09:30:01 [SpringApplicationShutdownHook] INFO  com.zaxxer.hikari.HikariDataSource - MyHikariPool Alive Connection =========== 10 =========== - Shutdown initiated...
2025-01-09 09:30:01 [SpringApplicationShutdownHook] INFO  com.zaxxer.hikari.HikariDataSource - MyHikariPool Alive Connection =========== 10 =========== - Shutdown completed.
